<?xml version="1.0" encoding="UTF-8"?>
<!-- Generated by org.testng.reporters.JUnitReportReporter -->
<testsuite skipped="0" hostname="LAPTOP-AUG5HGQL" name="tests.Test_findByStatus" tests="1" failures="0" timestamp="03 Jan 2021 01:38:56 GMT" time="10.923" errors="0">
  <testcase name="test001_GET" time="10.923" classname="tests.Test_findByStatus"/>
</testsuite> <!-- tests.Test_findByStatus -->
